<?xml version="1.0" encoding="UTF-8"?>
<!-- Generated by org.testng.reporters.JUnitXMLReporter -->
<testsuite ignored="0" hostname="DESKTOP-N2CIL4O" failures="0" tests="5" name="Default test" time="12.827" errors="0" timestamp="2022-12-21T14:18:43 EST">
  <testcase classname="petStoreApiTests.PetStoreApiTests" name="postACat" time="9.18"/>
  <testcase classname="petStoreApiTests.PetStoreApiTests" name="postAPet" time="0.21"/>
  <testcase classname="petStoreApiTests.PetStoreApiTests" name="findPetByStatus" time="0.24"/>
  <testcase classname="petStoreApiTests.PetStoreApiTests" name="getById" time="2.892"/>
  <testcase classname="petStoreApiTests.PetStoreApiTests" name="getPetById" time="0.185"/>
</testsuite> <!-- Default test -->
